<?xml version="1.0" encoding="UTF-8"?>
<!-- Generated by org.testng.reporters.JUnitReportReporter -->
<testsuite hostname="LAPTOP-LBKTQD0G" failures="0" tests="1" name="testpkg.ProductPageTest" time="51.992" errors="0" timestamp="2024-04-03T14:42:13 IST" skipped="0">
  <testcase classname="testpkg.ProductPageTest" name="productPageTest" time="51.992"/>
</testsuite> <!-- testpkg.ProductPageTest -->
