<?xml version="1.0" encoding="UTF-8"?>
<!-- Generated by org.testng.reporters.JUnitReportReporter -->
<testsuite hostname="LAPTOP-LBKTQD0G" failures="0" tests="1" name="testpkg.CartPageTest" time="16.149" errors="0" timestamp="2024-04-03T14:30:39 IST" skipped="0">
  <testcase classname="testpkg.CartPageTest" name="productPageTest" time="16.149"/>
</testsuite> <!-- testpkg.CartPageTest -->
